#
# There is insufficient memory for the Java Runtime Environment to continue.
# Native memory allocation (malloc) failed to allocate 1651120 bytes for Chunk::new
# Possible reasons:
#   The system is out of physical RAM or swap space
#   The process is running with CompressedOops enabled, and the Java Heap may be blocking the growth of the native heap
# Possible solutions:
#   Reduce memory load on the system
#   Increase physical memory or swap space
#   Check if swap backing store is full
#   Decrease Java heap size (-Xmx/-Xms)
#   Decrease number of Java threads
#   Decrease Java thread stack sizes (-Xss)
#   Set larger code cache with -XX:ReservedCodeCacheSize=
#   JVM is running with Unscaled Compressed Oops mode in which the Java heap is
#     placed in the first 4GB address space. The Java Heap base address is the
#     maximum limit for the native heap growth. Please use -XX:HeapBaseMinAddress
#     to set the Java Heap base and to place the Java Heap above 4GB virtual address.
# This output file may be truncated or incomplete.
#
#  Out of Memory Error (allocation.cpp:390), pid=4456, tid=0x0000000000001030
#
# JRE version: Java(TM) SE Runtime Environment (8.0_201-b09) (build 1.8.0_201-b09)
# Java VM: Java HotSpot(TM) 64-Bit Server VM (25.201-b09 mixed mode windows-amd64 compressed oops)
# Failed to write core dump. Minidumps are not enabled by default on client versions of Windows
#

---------------  T H R E A D  ---------------

Current thread (0x0000000019e68000):  JavaThread "C2 CompilerThread1" daemon [_thread_in_native, id=4144, stack(0x000000001a810000,0x000000001a910000)]

Stack: [0x000000001a810000,0x000000001a910000]
[error occurred during error reporting (printing stack bounds), id 0xc0000005]

Native frames: (J=compiled Java code, j=interpreted, Vv=VM code, C=native code)


Current CompileTask:
C2:   3229 2787   !   4       java.net.URLClassLoader$1::run (63 bytes)


---------------  P R O C E S S  ---------------

Java Threads: ( => current thread )
  0x000000001bc51800 JavaThread "mysql-cj-abandoned-connection-cleanup" daemon [_thread_blocked, id=13100, stack(0x000000001dab0000,0x000000001dbb0000)]
  0x0000000019f0c000 JavaThread "Service Thread" daemon [_thread_blocked, id=17364, stack(0x000000001ab10000,0x000000001ac10000)]
  0x0000000019e6a000 JavaThread "C1 CompilerThread3" daemon [_thread_blocked, id=4040, stack(0x000000001aa10000,0x000000001ab10000)]
  0x0000000019e6e000 JavaThread "C2 CompilerThread2" daemon [_thread_blocked, id=16624, stack(0x000000001a910000,0x000000001aa10000)]
=>0x0000000019e68000 JavaThread "C2 CompilerThread1" daemon [_thread_in_native, id=4144, stack(0x000000001a810000,0x000000001a910000)]
  0x0000000019e66800 JavaThread "C2 CompilerThread0" daemon [_thread_in_native, id=1604, stack(0x000000001a710000,0x000000001a810000)]
  0x0000000019e5c000 JavaThread "Monitor Ctrl-Break" daemon [_thread_in_native, id=4732, stack(0x000000001a610000,0x000000001a710000)]
  0x0000000019dea800 JavaThread "Attach Listener" daemon [_thread_blocked, id=7972, stack(0x000000001a510000,0x000000001a610000)]
  0x0000000019e40000 JavaThread "Signal Dispatcher" daemon [_thread_blocked, id=6984, stack(0x000000001a410000,0x000000001a510000)]
  0x0000000019dd1000 JavaThread "Finalizer" daemon [_thread_blocked, id=14636, stack(0x000000001a2b0000,0x000000001a3b0000)]
  0x0000000019dd0800 JavaThread "Reference Handler" daemon [_thread_blocked, id=9316, stack(0x000000001a1b0000,0x000000001a2b0000)]
  0x000000000108e800 JavaThread "main" [_thread_in_native, id=84, stack(0x0000000002cd0000,0x0000000002dd0000)]

Other Threads:
  0x0000000017fc9800 VMThread [stack: 0x0000000019cb0000,0x0000000019db0000] [id=13600]
  0x0000000019f10000 WatcherThread [stack: 0x000000001ac10000,0x000000001ad10000] [id=3288]

VM state:not at safepoint (normal execution)

VM Mutex/Monitor currently owned by a thread: None

heap address: 0x0000000082000000, size: 2016 MB, Compressed Oops mode: 32-bit
Narrow klass base: 0x0000000000000000, Narrow klass shift: 3
Compressed class space size: 1073741824 Address: 0x0000000100000000

Heap:
 PSYoungGen      total 70656K, used 10419K [0x00000000d6000000, 0x00000000daa00000, 0x0000000100000000)
  eden space 65536K, 15% used [0x00000000d6000000,0x00000000d6a2cd30,0x00000000da000000)
  from space 5120K, 0% used [0x00000000da000000,0x00000000da000000,0x00000000da500000)
  to   space 5120K, 0% used [0x00000000da500000,0x00000000da500000,0x00000000daa00000)
 ParOldGen       total 75776K, used 14173K [0x0000000082000000, 0x0000000086a00000, 0x00000000d6000000)
  object space 75776K, 18% used [0x0000000082000000,0x0000000082dd7628,0x0000000086a00000)
 Metaspace       used 22631K, capacity 23206K, committed 23344K, reserved 1069056K
  class space    used 2680K, capacity 2873K, committed 2944K, reserved 1048576K

Card table byte_map: [0x0000000012420000,0x0000000012820000] byte_map_base: 0x0000000012010000

Marking Bits: (ParMarkBitMap*) 0x000000005ad34ce0
 Begin Bits: [0x00000000132c0000, 0x0000000015240000)
 End Bits:   [0x0000000015240000, 0x00000000171c0000)

Polling page: 0x0000000001070000

CodeCache: size=245760Kb used=10093Kb max_used=10106Kb free=235666Kb
 bounds [0x0000000003060000, 0x0000000003a50000, 0x0000000012060000]
 total_blobs=3427 nmethods=3010 adapters=329
 compilation: enabled

Compilation events (10 events):
Event: 2.988 Thread 0x0000000019e6a000 nmethod 3010 0x0000000003a3ca90 code [0x0000000003a3cc20, 0x0000000003a3d0e8]
Event: 2.988 Thread 0x0000000019e6a000 3011   !   3       java.lang.StringCoding::encode (120 bytes)
Event: 2.991 Thread 0x0000000019e6a000 nmethod 3011 0x0000000003a3d290 code [0x0000000003a3d5e0, 0x0000000003a3f0b8]
Event: 2.994 Thread 0x0000000019e6e000 nmethod 3007 0x0000000003a3be90 code [0x0000000003a3c020, 0x0000000003a3c4f8]
Event: 2.994 Thread 0x0000000019e6e000 3009 %     4       sun.security.provider.SHA::implCompress @ 203 (491 bytes)
Event: 3.021 Thread 0x0000000019e6e000 nmethod 3009% 0x0000000003a41150 code [0x0000000003a412a0, 0x0000000003a419f8]
Event: 3.021 Thread 0x0000000019e6e000 3004       4       sun.security.util.Cache$EqualByteArray::hashCode (57 bytes)
Event: 3.026 Thread 0x0000000019e6e000 nmethod 3004 0x0000000003a41e90 code [0x0000000003a41fc0, 0x0000000003a42158]
Event: 3.026 Thread 0x0000000019e6e000 3008  s    4       java.io.ByteArrayInputStream::read (101 bytes)
Event: 3.034 Thread 0x0000000019e6e000 nmethod 3008 0x0000000003a3b610 code [0x0000000003a3b760, 0x0000000003a3bc78]

GC Heap History (10 events):
Event: 0.848 GC heap before
{Heap before GC invocations=2 (full 0):
 PSYoungGen      total 37888K, used 37704K [0x00000000d6000000, 0x00000000d8a00000, 0x0000000100000000)
  eden space 32768K, 100% used [0x00000000d6000000,0x00000000d8000000,0x00000000d8000000)
  from space 5120K, 96% used [0x00000000d8000000,0x00000000d84d21d0,0x00000000d8500000)
  to   space 5120K, 0% used [0x00000000d8500000,0x00000000d8500000,0x00000000d8a00000)
 ParOldGen       total 86016K, used 8K [0x0000000082000000, 0x0000000087400000, 0x00000000d6000000)
  object space 86016K, 0% used [0x0000000082000000,0x0000000082002000,0x0000000087400000)
 Metaspace       used 11513K, capacity 11790K, committed 12160K, reserved 1060864K
  class space    used 1442K, capacity 1543K, committed 1664K, reserved 1048576K
Event: 0.854 GC heap after
Heap after GC invocations=2 (full 0):
 PSYoungGen      total 37888K, used 5111K [0x00000000d6000000, 0x00000000daa00000, 0x0000000100000000)
  eden space 32768K, 0% used [0x00000000d6000000,0x00000000d6000000,0x00000000d8000000)
  from space 5120K, 99% used [0x00000000d8500000,0x00000000d89fde28,0x00000000d8a00000)
  to   space 5120K, 0% used [0x00000000d8000000,0x00000000d8000000,0x00000000d8500000)
 ParOldGen       total 86016K, used 1791K [0x0000000082000000, 0x0000000087400000, 0x00000000d6000000)
  object space 86016K, 2% used [0x0000000082000000,0x00000000821bfcf0,0x0000000087400000)
 Metaspace       used 11513K, capacity 11790K, committed 12160K, reserved 1060864K
  class space    used 1442K, capacity 1543K, committed 1664K, reserved 1048576K
}
Event: 1.382 GC heap before
{Heap before GC invocations=3 (full 0):
 PSYoungGen      total 37888K, used 37879K [0x00000000d6000000, 0x00000000daa00000, 0x0000000100000000)
  eden space 32768K, 100% used [0x00000000d6000000,0x00000000d8000000,0x00000000d8000000)
  from space 5120K, 99% used [0x00000000d8500000,0x00000000d89fde28,0x00000000d8a00000)
  to   space 5120K, 0% used [0x00000000d8000000,0x00000000d8000000,0x00000000d8500000)
 ParOldGen       total 86016K, used 1791K [0x0000000082000000, 0x0000000087400000, 0x00000000d6000000)
  object space 86016K, 2% used [0x0000000082000000,0x00000000821bfcf0,0x0000000087400000)
 Metaspace       used 14829K, capacity 15124K, committed 15232K, reserved 1062912K
  class space    used 1829K, capacity 1912K, committed 1920K, reserved 1048576K
Event: 1.389 GC heap after
Heap after GC invocations=3 (full 0):
 PSYoungGen      total 37888K, used 5112K [0x00000000d6000000, 0x00000000daa00000, 0x0000000100000000)
  eden space 32768K, 0% used [0x00000000d6000000,0x00000000d6000000,0x00000000d8000000)
  from space 5120K, 99% used [0x00000000d8000000,0x00000000d84fe030,0x00000000d8500000)
  to   space 5120K, 0% used [0x00000000da500000,0x00000000da500000,0x00000000daa00000)
 ParOldGen       total 86016K, used 5040K [0x0000000082000000, 0x0000000087400000, 0x00000000d6000000)
  object space 86016K, 5% used [0x0000000082000000,0x00000000824ec228,0x0000000087400000)
 Metaspace       used 14829K, capacity 15124K, committed 15232K, reserved 1062912K
  class space    used 1829K, capacity 1912K, committed 1920K, reserved 1048576K
}
Event: 1.649 GC heap before
{Heap before GC invocations=4 (full 0):
 PSYoungGen      total 37888K, used 37880K [0x00000000d6000000, 0x00000000daa00000, 0x0000000100000000)
  eden space 32768K, 100% used [0x00000000d6000000,0x00000000d8000000,0x00000000d8000000)
  from space 5120K, 99% used [0x00000000d8000000,0x00000000d84fe030,0x00000000d8500000)
  to   space 5120K, 0% used [0x00000000da500000,0x00000000da500000,0x00000000daa00000)
 ParOldGen       total 86016K, used 5040K [0x0000000082000000, 0x0000000087400000, 0x00000000d6000000)
  object space 86016K, 5% used [0x0000000082000000,0x00000000824ec228,0x0000000087400000)
 Metaspace       used 15202K, capacity 15546K, committed 15872K, reserved 1062912K
  class space    used 1842K, capacity 1945K, committed 2048K, reserved 1048576K
Event: 1.658 GC heap after
Heap after GC invocations=4 (full 0):
 PSYoungGen      total 70656K, used 5112K [0x00000000d6000000, 0x00000000daa00000, 0x0000000100000000)
  eden space 65536K, 0% used [0x00000000d6000000,0x00000000d6000000,0x00000000da000000)
  from space 5120K, 99% used [0x00000000da500000,0x00000000da9fe050,0x00000000daa00000)
  to   space 5120K, 0% used [0x00000000da000000,0x00000000da000000,0x00000000da500000)
 ParOldGen       total 86016K, used 8722K [0x0000000082000000, 0x0000000087400000, 0x00000000d6000000)
  object space 86016K, 10% used [0x0000000082000000,0x0000000082884b50,0x0000000087400000)
 Metaspace       used 15202K, capacity 15546K, committed 15872K, reserved 1062912K
  class space    used 1842K, capacity 1945K, committed 2048K, reserved 1048576K
}
Event: 2.578 GC heap before
{Heap before GC invocations=5 (full 0):
 PSYoungGen      total 70656K, used 46516K [0x00000000d6000000, 0x00000000daa00000, 0x0000000100000000)
  eden space 65536K, 63% used [0x00000000d6000000,0x00000000d886efb8,0x00000000da000000)
  from space 5120K, 99% used [0x00000000da500000,0x00000000da9fe050,0x00000000daa00000)
  to   space 5120K, 0% used [0x00000000da000000,0x00000000da000000,0x00000000da500000)
 ParOldGen       total 86016K, used 8722K [0x0000000082000000, 0x0000000087400000, 0x00000000d6000000)
  object space 86016K, 10% used [0x0000000082000000,0x0000000082884b50,0x0000000087400000)
 Metaspace       used 20576K, capacity 21108K, committed 21296K, reserved 1069056K
  class space    used 2447K, capacity 2602K, committed 2688K, reserved 1048576K
Event: 2.595 GC heap after
Heap after GC invocations=5 (full 0):
 PSYoungGen      total 70656K, used 5096K [0x00000000d6000000, 0x00000000daa00000, 0x0000000100000000)
  eden space 65536K, 0% used [0x00000000d6000000,0x00000000d6000000,0x00000000da000000)
  from space 5120K, 99% used [0x00000000da000000,0x00000000da4fa060,0x00000000da500000)
  to   space 5120K, 0% used [0x00000000da500000,0x00000000da500000,0x00000000daa00000)
 ParOldGen       total 86016K, used 13331K [0x0000000082000000, 0x0000000087400000, 0x00000000d6000000)
  object space 86016K, 15% used [0x0000000082000000,0x0000000082d04c00,0x0000000087400000)
 Metaspace       used 20576K, capacity 21108K, committed 21296K, reserved 1069056K
  class space    used 2447K, capacity 2602K, committed 2688K, reserved 1048576K
}
Event: 2.595 GC heap before
{Heap before GC invocations=6 (full 1):
 PSYoungGen      total 70656K, used 5096K [0x00000000d6000000, 0x00000000daa00000, 0x0000000100000000)
  eden space 65536K, 0% used [0x00000000d6000000,0x00000000d6000000,0x00000000da000000)
  from space 5120K, 99% used [0x00000000da000000,0x00000000da4fa060,0x00000000da500000)
  to   space 5120K, 0% used [0x00000000da500000,0x00000000da500000,0x00000000daa00000)
 ParOldGen       total 86016K, used 13331K [0x0000000082000000, 0x0000000087400000, 0x00000000d6000000)
  object space 86016K, 15% used [0x0000000082000000,0x0000000082d04c00,0x0000000087400000)
 Metaspace       used 20576K, capacity 21108K, committed 21296K, reserved 1069056K
  class space    used 2447K, capacity 2602K, committed 2688K, reserved 1048576K
Event: 2.688 GC heap after
Heap after GC invocations=6 (full 1):
 PSYoungGen      total 70656K, used 0K [0x00000000d6000000, 0x00000000daa00000, 0x0000000100000000)
  eden space 65536K, 0% used [0x00000000d6000000,0x00000000d6000000,0x00000000da000000)
  from space 5120K, 0% used [0x00000000da000000,0x00000000da000000,0x00000000da500000)
  to   space 5120K, 0% used [0x00000000da500000,0x00000000da500000,0x00000000daa00000)
 ParOldGen       total 75776K, used 14173K [0x0000000082000000, 0x0000000086a00000, 0x00000000d6000000)
  object space 75776K, 18% used [0x0000000082000000,0x0000000082dd7628,0x0000000086a00000)
 Metaspace       used 20576K, capacity 21108K, committed 21296K, reserved 1069056K
  class space    used 2447K, capacity 2602K, committed 2688K, reserved 1048576K
}

Deoptimization events (10 events):
Event: 2.811 Thread 0x000000000108e800 Uncommon trap: reason=class_check action=maybe_recompile pc=0x00000000036ebd28 method=java.util.Hashtable.put(Ljava/lang/Object;Ljava/lang/Object;)Ljava/lang/Object; @ 18
Event: 2.811 Thread 0x000000000108e800 Uncommon trap: reason=class_check action=maybe_recompile pc=0x00000000036ebd28 method=java.util.Hashtable.put(Ljava/lang/Object;Ljava/lang/Object;)Ljava/lang/Object; @ 18
Event: 2.811 Thread 0x000000000108e800 Uncommon trap: reason=class_check action=maybe_recompile pc=0x00000000036ebd28 method=java.util.Hashtable.put(Ljava/lang/Object;Ljava/lang/Object;)Ljava/lang/Object; @ 18
Event: 2.811 Thread 0x000000000108e800 Uncommon trap: reason=class_check action=maybe_recompile pc=0x00000000036ebd28 method=java.util.Hashtable.put(Ljava/lang/Object;Ljava/lang/Object;)Ljava/lang/Object; @ 18
Event: 2.811 Thread 0x000000000108e800 Uncommon trap: reason=unstable_if action=reinterpret pc=0x000000000382c17c method=java.lang.CharacterDataLatin1.isWhitespace(I)Z @ 14
Event: 2.811 Thread 0x000000000108e800 Uncommon trap: reason=unstable_if action=reinterpret pc=0x000000000338293c method=java.lang.CharacterDataLatin1.isWhitespace(I)Z @ 14
Event: 2.965 Thread 0x000000000108e800 Uncommon trap: reason=unstable_if action=reinterpret pc=0x0000000003643880 method=java.util.LinkedHashMap.get(Ljava/lang/Object;)Ljava/lang/Object; @ 20
Event: 2.975 Thread 0x000000000108e800 Uncommon trap: reason=unstable_if action=reinterpret pc=0x0000000003a062d0 method=java.io.ByteArrayInputStream.read()I @ 8
Event: 2.984 Thread 0x000000000108e800 Uncommon trap: reason=unstable_if action=reinterpret pc=0x00000000031d5b98 method=sun.nio.cs.UTF_8$Encoder.encode([CII[B)I @ 33
Event: 2.985 Thread 0x000000000108e800 Uncommon trap: reason=class_check action=maybe_recompile pc=0x0000000003316110 method=java.nio.charset.CharsetDecoder.decode(Ljava/nio/ByteBuffer;Ljava/nio/CharBuffer;Z)Ljava/nio/charset/CoderResult; @ 57

Classes redefined (0 events):
No events

Internal exceptions (10 events):
Event: 1.686 Thread 0x000000000108e800 Implicit null exception at 0x000000000333472f to 0x0000000003334799
Event: 1.687 Thread 0x000000000108e800 Implicit null exception at 0x00000000036be4c5 to 0x00000000036be761
Event: 1.687 Thread 0x000000000108e800 Implicit null exception at 0x0000000003616497 to 0x0000000003616cd5
Event: 1.687 Thread 0x000000000108e800 Implicit null exception at 0x00000000034aac7b to 0x00000000034ab239
Event: 1.700 Thread 0x000000000108e800 Implicit null exception at 0x000000000379214f to 0x000000000379269d
Event: 1.792 Thread 0x000000000108e800 Implicit null exception at 0x00000000037fca27 to 0x00000000037fdd39
Event: 2.228 Thread 0x000000000108e800 Implicit null exception at 0x0000000003828425 to 0x0000000003829535
Event: 2.380 Thread 0x000000000108e800 Exception <a 'java/lang/NoSuchFieldError': method resolution failed> (0x00000000d7d68628) thrown at [C:\re\workspace\8-2-build-windows-amd64-cygwin\jdk8u201\12322\hotspot\src\share\vm\prims\methodHandles.cpp, line 1167]
Event: 2.381 Thread 0x000000000108e800 Exception <a 'java/lang/NoSuchFieldError': method resolution failed> (0x00000000d7d76588) thrown at [C:\re\workspace\8-2-build-windows-amd64-cygwin\jdk8u201\12322\hotspot\src\share\vm\prims\methodHandles.cpp, line 1167]
Event: 2.393 Thread 0x000000000108e800 Implicit null exception at 0x0000000003399516 to 0x00000000033998b1

Events (10 events):
Event: 2.985 loading class java/net/NetworkInterface done
Event: 2.985 loading class java/net/NetworkInterface$1
Event: 2.985 loading class java/net/NetworkInterface$1 done
Event: 2.985 Thread 0x000000000108e800 Uncommon trap: trap_request=0xffffffde fr.pc=0x0000000003316110
Event: 2.985 Thread 0x000000000108e800 DEOPT PACKING pc=0x0000000003316110 sp=0x0000000002dc5ec0
Event: 2.985 Thread 0x000000000108e800 DEOPT UNPACKING pc=0x00000000030a583b sp=0x0000000002dc5e70 mode 2
Event: 2.986 loading class java/net/InterfaceAddress
Event: 2.986 loading class java/net/InterfaceAddress done
Event: 2.986 loading class java/net/DefaultInterface
Event: 2.986 loading class java/net/DefaultInterface done


Dynamic libraries:
0x00007ff7309f0000 - 0x00007ff730a27000 	C:\Program Files\Java\jdk1.8.0_201\bin\java.exe
0x00007ff956c00000 - 0x00007ff956de1000 	C:\WINDOWS\SYSTEM32\ntdll.dll
0x00007ff956050000 - 0x00007ff956101000 	C:\WINDOWS\System32\KERNEL32.DLL
0x00007ff953290000 - 0x00007ff953503000 	C:\WINDOWS\System32\KERNELBASE.dll
0x00007ff956a80000 - 0x00007ff956b21000 	C:\WINDOWS\System32\ADVAPI32.dll
0x00007ff956190000 - 0x00007ff95622e000 	C:\WINDOWS\System32\msvcrt.dll
0x00007ff955ff0000 - 0x00007ff95604b000 	C:\WINDOWS\System32\sechost.dll
0x00007ff956640000 - 0x00007ff956764000 	C:\WINDOWS\System32\RPCRT4.dll
0x00007ff956230000 - 0x00007ff9563c0000 	C:\WINDOWS\System32\USER32.dll
0x00007ff9531c0000 - 0x00007ff9531e0000 	C:\WINDOWS\System32\win32u.dll
0x00007ff956430000 - 0x00007ff956458000 	C:\WINDOWS\System32\GDI32.dll
0x00007ff953020000 - 0x00007ff9531b1000 	C:\WINDOWS\System32\gdi32full.dll
0x00007ff953510000 - 0x00007ff9535af000 	C:\WINDOWS\System32\msvcp_win.dll
0x00007ff953d40000 - 0x00007ff953e38000 	C:\WINDOWS\System32\ucrtbase.dll
0x00007ff947de0000 - 0x00007ff948049000 	C:\WINDOWS\WinSxS\amd64_microsoft.windows.common-controls_6595b64144ccf1df_6.0.17134.1246_none_d3ffb9d77c90723d\COMCTL32.dll
0x00007ff955cb0000 - 0x00007ff955fd1000 	C:\WINDOWS\System32\combase.dll
0x00007ff953cc0000 - 0x00007ff953d39000 	C:\WINDOWS\System32\bcryptPrimitives.dll
0x00007ff956600000 - 0x00007ff95662d000 	C:\WINDOWS\System32\IMM32.DLL
0x000000005adc0000 - 0x000000005ae91000 	C:\Program Files\Java\jdk1.8.0_201\jre\bin\msvcr100.dll
0x000000005a510000 - 0x000000005adb4000 	C:\Program Files\Java\jdk1.8.0_201\jre\bin\server\jvm.dll
0x00007ff956630000 - 0x00007ff956638000 	C:\WINDOWS\System32\PSAPI.DLL
0x00007ff93cad0000 - 0x00007ff93cad9000 	C:\WINDOWS\SYSTEM32\WSOCK32.dll
0x00007ff94dbe0000 - 0x00007ff94dc03000 	C:\WINDOWS\SYSTEM32\WINMM.dll
0x00007ff94c5f0000 - 0x00007ff94c5fa000 	C:\WINDOWS\SYSTEM32\VERSION.dll
0x00007ff9563c0000 - 0x00007ff95642c000 	C:\WINDOWS\System32\WS2_32.dll
0x00007ff94dbb0000 - 0x00007ff94dbda000 	C:\WINDOWS\SYSTEM32\winmmbase.dll
0x00007ff953e40000 - 0x00007ff953e89000 	C:\WINDOWS\System32\cfgmgr32.dll
0x00007ff94ec70000 - 0x00007ff94ec7f000 	C:\Program Files\Java\jdk1.8.0_201\jre\bin\verify.dll
0x00007ff946930000 - 0x00007ff946959000 	C:\Program Files\Java\jdk1.8.0_201\jre\bin\java.dll
0x00007ff946be0000 - 0x00007ff946c03000 	C:\Program Files\Java\jdk1.8.0_201\jre\bin\instrument.dll
0x00007ff94dfb0000 - 0x00007ff94dfc6000 	C:\Program Files\Java\jdk1.8.0_201\jre\bin\zip.dll
0x00007ff954150000 - 0x00007ff955595000 	C:\WINDOWS\System32\SHELL32.dll
0x00007ff955c00000 - 0x00007ff955ca9000 	C:\WINDOWS\System32\shcore.dll
0x00007ff9535b0000 - 0x00007ff953cc0000 	C:\WINDOWS\System32\windows.storage.dll
0x00007ff956a20000 - 0x00007ff956a71000 	C:\WINDOWS\System32\shlwapi.dll
0x00007ff952f30000 - 0x00007ff952f41000 	C:\WINDOWS\System32\kernel.appcore.dll
0x00007ff952f00000 - 0x00007ff952f1f000 	C:\WINDOWS\System32\profapi.dll
0x00007ff952f70000 - 0x00007ff952fbc000 	C:\WINDOWS\System32\powrprof.dll
0x00007ff952f20000 - 0x00007ff952f2a000 	C:\WINDOWS\System32\FLTLIB.DLL
0x00007ff946d20000 - 0x00007ff946d3a000 	E:\IDEA\IntelliJ IDEA 2018.3.5\bin\breakgen64.dll
0x00007ff941b50000 - 0x00007ff941b6a000 	C:\Program Files\Java\jdk1.8.0_201\jre\bin\net.dll
0x00007ff945960000 - 0x00007ff945b2a000 	C:\WINDOWS\SYSTEM32\urlmon.dll
0x00007ff945ce0000 - 0x00007ff945f87000 	C:\WINDOWS\SYSTEM32\iertutil.dll
0x00007ff952910000 - 0x00007ff95291b000 	C:\WINDOWS\SYSTEM32\CRYPTBASE.DLL
0x00007ff952760000 - 0x00007ff9527c6000 	C:\WINDOWS\system32\mswsock.dll
0x00007ff941b30000 - 0x00007ff941b41000 	C:\Program Files\Java\jdk1.8.0_201\jre\bin\nio.dll
0x00007ff942c20000 - 0x00007ff942d9a000 	C:\Program Files (x86)\Sangfor\SSL\ClientComponent2\SangforTcpX64.dll
0x00007ff9568c0000 - 0x00007ff956a11000 	C:\WINDOWS\System32\ole32.dll
0x00007ff954080000 - 0x00007ff954142000 	C:\WINDOWS\System32\OLEAUT32.dll
0x00007ff952fc0000 - 0x00007ff953017000 	C:\WINDOWS\System32\WINTRUST.dll
0x00007ff952f50000 - 0x00007ff952f62000 	C:\WINDOWS\System32\MSASN1.dll
0x00007ff953e90000 - 0x00007ff954072000 	C:\WINDOWS\System32\CRYPT32.dll
0x00007ff93a000000 - 0x00007ff93a02d000 	C:\Program Files (x86)\Sangfor\SSL\ClientComponent2\SangforNspX64.dll
0x00007ff9524f0000 - 0x00007ff9525ae000 	C:\WINDOWS\SYSTEM32\DNSAPI.dll
0x00007ff9555a0000 - 0x00007ff9555a8000 	C:\WINDOWS\System32\NSI.dll
0x00007ff9524b0000 - 0x00007ff9524e8000 	C:\WINDOWS\SYSTEM32\IPHLPAPI.DLL
0x000000005bf30000 - 0x000000005bf56000 	C:\Program Files\Bonjour\mdnsNSP.dll
0x00007ff944300000 - 0x00007ff94430a000 	C:\Windows\System32\rasadhlp.dll
0x00007ff944770000 - 0x00007ff9447e2000 	C:\WINDOWS\System32\fwpuclnt.dll
0x00007ff952a40000 - 0x00007ff952a65000 	C:\WINDOWS\SYSTEM32\bcrypt.dll
0x00007ff9428c0000 - 0x00007ff9428e4000 	C:\Program Files\Java\jdk1.8.0_201\jre\bin\sunec.dll
0x00007ff94ced0000 - 0x00007ff94cee6000 	C:\WINDOWS\SYSTEM32\dhcpcsvc6.DLL
0x00007ff94d4f0000 - 0x00007ff94d50a000 	C:\WINDOWS\SYSTEM32\dhcpcsvc.DLL

VM Arguments:
jvm_args: -Dmaven.multiModuleProjectDirectory=E:\Project\clothingkeeper -Dmaven.home=E:\IDEA\IntelliJ IDEA 2018.3.5\plugins\maven\lib\maven3 -Dclassworlds.conf=E:\IDEA\IntelliJ IDEA 2018.3.5\plugins\maven\lib\maven3\bin\m2.conf -javaagent:E:\IDEA\IntelliJ IDEA 2018.3.5\lib\idea_rt.jar=59863:E:\IDEA\IntelliJ IDEA 2018.3.5\bin -Dfile.encoding=UTF-8 
java_command: org.codehaus.classworlds.Launcher -Didea.version=2018.3.6 org.mybatis.generator:mybatis-generator-maven-plugin:1.3.2:generate
java_class_path (initial): E:\IDEA\IntelliJ IDEA 2018.3.5\plugins\maven\lib\maven3\boot\plexus-classworlds-2.5.2.jar;E:\IDEA\IntelliJ IDEA 2018.3.5\lib\idea_rt.jar
Launcher Type: SUN_STANDARD

Environment Variables:
JAVA_HOME=C:\Program Files\Java\jdk1.8.0_201
CLASSPATH=.;C:\Program Files\Java\jdk1.8.0_201\lib\dt.jar;C:\Program Files\Java\jdk1.8.0_201\lib\tools.jar
PATH=C:\Program Files (x86)\Common Files\Oracle\Java\javapath;C:\Windows\system32;C:\Windows;C:\Windows\System32\Wbem;C:\Windows\System32\WindowsPowerShell\v1.0\;C:\Program Files (x86)\NVIDIA Corporation\PhysX\Common;C:\WINDOWS\system32;C:\WINDOWS;C:\WINDOWS\System32\Wbem;C:\WINDOWS\System32\WindowsPowerShell\v1.0\;C:\Program Files (x86)\Microsoft SQL Server\100\Tools\Binn\;C:\Program Files\Microsoft SQL Server\100\Tools\Binn\;C:\Program Files\Microsoft SQL Server\100\DTS\Binn\;C:\WINDOWS\System32\OpenSSH\;"D:\tomcat\apache-tomcat-7.0.93-windows-x64\apache-tomcat-7.0.93\lib;D:\tomcat\apache-tomcat-7.0.93-windows-x64\apache-tomcat-7.0.93\bin";E:\matlab\R2016a_win64\runtime\win64;E:\matlab\R2016a_win64\bin;E:\matlab\R2016a_win64\polyspace\bin;C:\Program Files\Java\jdk1.8.0_201\bin;C:\Program Files\Java\jdk1.8.0_201\jre\bin;E:\专业软件资源\nodejs\;"D:\python\Scripts;D:\python;D:\python\Lib";C:\Program Files\MySQL\MySQL Shell 8.0\bin\;E:\Software\Microsoft VS Code\bin
USERNAME=45054
OS=Windows_NT
PROCESSOR_IDENTIFIER=Intel64 Family 6 Model 142 Stepping 10, GenuineIntel



---------------  S Y S T E M  ---------------

OS: Windows 10.0 , 64 bit Build 17134 (10.0.17134.753)

CPU:total 8 (initial active 8) (4 cores per cpu, 2 threads per core) family 6 model 142 stepping 10, cmov, cx8, fxsr, mmx, sse, sse2, sse3, ssse3, sse4.1, sse4.2, popcnt, avx, avx2, aes, clmul, erms, 3dnowpref, lzcnt, ht, tsc, tscinvbit, bmi1, bmi2, adx

Memory: 4k page, physical 8251788k(1660300k free), swap 8251788k(5624k free)

vm_info: Java HotSpot(TM) 64-Bit Server VM (25.201-b09) for windows-amd64 JRE (1.8.0_201-b09), built on Dec 15 2018 18:36:39 by "java_re" with MS VC++ 10.0 (VS2010)

time: Thu Feb 13 23:50:41 2020
timezone: 中国标准时间
elapsed time: 3 seconds (0d 0h 0m 3s)

