#
# There is insufficient memory for the Java Runtime Environment to continue.
# Native memory allocation (malloc) failed to allocate 2064064 bytes for Chunk::new
# Possible reasons:
#   The system is out of physical RAM or swap space
#   The process is running with CompressedOops enabled, and the Java Heap may be blocking the growth of the native heap
# Possible solutions:
#   Reduce memory load on the system
#   Increase physical memory or swap space
#   Check if swap backing store is full
#   Decrease Java heap size (-Xmx/-Xms)
#   Decrease number of Java threads
#   Decrease Java thread stack sizes (-Xss)
#   Set larger code cache with -XX:ReservedCodeCacheSize=
#   JVM is running with Unscaled Compressed Oops mode in which the Java heap is
#     placed in the first 4GB address space. The Java Heap base address is the
#     maximum limit for the native heap growth. Please use -XX:HeapBaseMinAddress
#     to set the Java Heap base and to place the Java Heap above 4GB virtual address.
# This output file may be truncated or incomplete.
#
#  Out of Memory Error (allocation.cpp:390), pid=19252, tid=0x00000000000041d4
#
# JRE version: Java(TM) SE Runtime Environment (8.0_201-b09) (build 1.8.0_201-b09)
# Java VM: Java HotSpot(TM) 64-Bit Server VM (25.201-b09 mixed mode windows-amd64 compressed oops)
# Failed to write core dump. Minidumps are not enabled by default on client versions of Windows
#

---------------  T H R E A D  ---------------

Current thread (0x0000000019c89800):  JavaThread "C2 CompilerThread2" daemon [_thread_in_native, id=16852, stack(0x000000001a6d0000,0x000000001a7d0000)]

Stack: [0x000000001a6d0000,0x000000001a7d0000]
[error occurred during error reporting (printing stack bounds), id 0xc0000005]

Native frames: (J=compiled Java code, j=interpreted, Vv=VM code, C=native code)


Current CompileTask:
C2:   2119 1793       4       java.net.URLClassLoader$1::run (5 bytes)


---------------  P R O C E S S  ---------------

Java Threads: ( => current thread )
  0x0000000019d37000 JavaThread "Service Thread" daemon [_thread_blocked, id=12828, stack(0x000000001a8d0000,0x000000001a9d0000)]
  0x0000000019c96000 JavaThread "C1 CompilerThread3" daemon [_thread_blocked, id=17692, stack(0x000000001a7d0000,0x000000001a8d0000)]
=>0x0000000019c89800 JavaThread "C2 CompilerThread2" daemon [_thread_in_native, id=16852, stack(0x000000001a6d0000,0x000000001a7d0000)]
  0x0000000019c91000 JavaThread "C2 CompilerThread1" daemon [_thread_in_native, id=19308, stack(0x000000001a5d0000,0x000000001a6d0000)]
  0x0000000019c84000 JavaThread "C2 CompilerThread0" daemon [_thread_in_native, id=11420, stack(0x000000001a4d0000,0x000000001a5d0000)]
  0x0000000019c8b800 JavaThread "Monitor Ctrl-Break" daemon [_thread_in_native, id=6260, stack(0x000000001a3d0000,0x000000001a4d0000)]
  0x0000000019c0b000 JavaThread "Attach Listener" daemon [_thread_blocked, id=14564, stack(0x000000001a2d0000,0x000000001a3d0000)]
  0x0000000019c60000 JavaThread "Signal Dispatcher" daemon [_thread_blocked, id=16220, stack(0x000000001a1d0000,0x000000001a2d0000)]
  0x0000000019bf1000 JavaThread "Finalizer" daemon [_thread_blocked, id=18876, stack(0x000000001a0d0000,0x000000001a1d0000)]
  0x0000000019bf0800 JavaThread "Reference Handler" daemon [_thread_blocked, id=1736, stack(0x0000000019fd0000,0x000000001a0d0000)]
  0x0000000000ede800 JavaThread "main" [_thread_in_native, id=2248, stack(0x0000000002b30000,0x0000000002c30000)]

Other Threads:
  0x0000000017df9800 VMThread [stack: 0x0000000019ad0000,0x0000000019bd0000] [id=2364]
  0x0000000019d4a800 WatcherThread [stack: 0x000000001a9d0000,0x000000001aad0000] [id=13936]

VM state:not at safepoint (normal execution)

VM Mutex/Monitor currently owned by a thread: None

heap address: 0x0000000082000000, size: 2016 MB, Compressed Oops mode: 32-bit
Narrow klass base: 0x0000000000000000, Narrow klass shift: 3
Compressed class space size: 1073741824 Address: 0x0000000100000000

Heap:
 PSYoungGen      total 70656K, used 10241K [0x00000000d6000000, 0x00000000daa00000, 0x0000000100000000)
  eden space 65536K, 7% used [0x00000000d6000000,0x00000000d6502488,0x00000000da000000)
  from space 5120K, 99% used [0x00000000da500000,0x00000000da9fe050,0x00000000daa00000)
  to   space 5120K, 0% used [0x00000000da000000,0x00000000da000000,0x00000000da500000)
 ParOldGen       total 86016K, used 9908K [0x0000000082000000, 0x0000000087400000, 0x00000000d6000000)
  object space 86016K, 11% used [0x0000000082000000,0x00000000829ad250,0x0000000087400000)
 Metaspace       used 15416K, capacity 15738K, committed 16128K, reserved 1062912K
  class space    used 1869K, capacity 1945K, committed 2048K, reserved 1048576K

Card table byte_map: [0x0000000012280000,0x0000000012680000] byte_map_base: 0x0000000011e70000

Marking Bits: (ParMarkBitMap*) 0x000000005ad34ce0
 Begin Bits: [0x0000000013120000, 0x00000000150a0000)
 End Bits:   [0x00000000150a0000, 0x0000000017020000)

Polling page: 0x0000000000e70000

CodeCache: size=245760Kb used=7841Kb max_used=7850Kb free=237918Kb
 bounds [0x0000000002ec0000, 0x0000000003680000, 0x0000000011ec0000]
 total_blobs=2592 nmethods=2247 adapters=257
 compilation: enabled

Compilation events (10 events):
Event: 2.037 Thread 0x0000000019c96000 2242       3       org.apache.maven.model.profile.activation.OperatingSystemProfileActivator::presentInConfig (29 bytes)
Event: 2.037 Thread 0x0000000019c96000 nmethod 2242 0x0000000003666110 code [0x0000000003666280, 0x00000000036664d0]
Event: 2.037 Thread 0x0000000019c96000 2246       1       org.apache.maven.model.RepositoryBase::getName (5 bytes)
Event: 2.038 Thread 0x0000000019c96000 nmethod 2246 0x000000000366e850 code [0x000000000366e9a0, 0x000000000366eab0]
Event: 2.038 Thread 0x0000000019c96000 2250       1       org.apache.maven.model.RepositoryPolicy::getChecksumPolicy (5 bytes)
Event: 2.038 Thread 0x0000000019c96000 nmethod 2250 0x000000000366e590 code [0x000000000366e6e0, 0x000000000366e7f0]
Event: 2.042 Thread 0x0000000019c84000 nmethod 2249 0x000000000366df50 code [0x000000000366e0a0, 0x000000000366e318]
Event: 2.042 Thread 0x0000000019c84000 2247       4       org.codehaus.plexus.util.xml.Xpp3Dom::<init> (131 bytes)
Event: 2.091 Thread 0x0000000019c96000 2257       1       org.eclipse.aether.DefaultRepositorySystemSession::getCache (5 bytes)
Event: 2.091 Thread 0x0000000019c96000 nmethod 2257 0x000000000366dc90 code [0x000000000366dde0, 0x000000000366def0]

GC Heap History (8 events):
Event: 0.577 GC heap before
{Heap before GC invocations=1 (full 0):
 PSYoungGen      total 37888K, used 32768K [0x00000000d6000000, 0x00000000d8a00000, 0x0000000100000000)
  eden space 32768K, 100% used [0x00000000d6000000,0x00000000d8000000,0x00000000d8000000)
  from space 5120K, 0% used [0x00000000d8500000,0x00000000d8500000,0x00000000d8a00000)
  to   space 5120K, 0% used [0x00000000d8000000,0x00000000d8000000,0x00000000d8500000)
 ParOldGen       total 86016K, used 0K [0x0000000082000000, 0x0000000087400000, 0x00000000d6000000)
  object space 86016K, 0% used [0x0000000082000000,0x0000000082000000,0x0000000087400000)
 Metaspace       used 8106K, capacity 8296K, committed 8576K, reserved 1056768K
  class space    used 1018K, capacity 1084K, committed 1152K, reserved 1048576K
Event: 0.581 GC heap after
Heap after GC invocations=1 (full 0):
 PSYoungGen      total 37888K, used 5009K [0x00000000d6000000, 0x00000000d8a00000, 0x0000000100000000)
  eden space 32768K, 0% used [0x00000000d6000000,0x00000000d6000000,0x00000000d8000000)
  from space 5120K, 97% used [0x00000000d8000000,0x00000000d84e4728,0x00000000d8500000)
  to   space 5120K, 0% used [0x00000000d8500000,0x00000000d8500000,0x00000000d8a00000)
 ParOldGen       total 86016K, used 8K [0x0000000082000000, 0x0000000087400000, 0x00000000d6000000)
  object space 86016K, 0% used [0x0000000082000000,0x0000000082002000,0x0000000087400000)
 Metaspace       used 8106K, capacity 8296K, committed 8576K, reserved 1056768K
  class space    used 1018K, capacity 1084K, committed 1152K, reserved 1048576K
}
Event: 0.868 GC heap before
{Heap before GC invocations=2 (full 0):
 PSYoungGen      total 37888K, used 37777K [0x00000000d6000000, 0x00000000d8a00000, 0x0000000100000000)
  eden space 32768K, 100% used [0x00000000d6000000,0x00000000d8000000,0x00000000d8000000)
  from space 5120K, 97% used [0x00000000d8000000,0x00000000d84e4728,0x00000000d8500000)
  to   space 5120K, 0% used [0x00000000d8500000,0x00000000d8500000,0x00000000d8a00000)
 ParOldGen       total 86016K, used 8K [0x0000000082000000, 0x0000000087400000, 0x00000000d6000000)
  object space 86016K, 0% used [0x0000000082000000,0x0000000082002000,0x0000000087400000)
 Metaspace       used 11738K, capacity 12084K, committed 12416K, reserved 1060864K
  class space    used 1477K, capacity 1576K, committed 1664K, reserved 1048576K
Event: 0.874 GC heap after
Heap after GC invocations=2 (full 0):
 PSYoungGen      total 37888K, used 5117K [0x00000000d6000000, 0x00000000daa00000, 0x0000000100000000)
  eden space 32768K, 0% used [0x00000000d6000000,0x00000000d6000000,0x00000000d8000000)
  from space 5120K, 99% used [0x00000000d8500000,0x00000000d89ff538,0x00000000d8a00000)
  to   space 5120K, 0% used [0x00000000d8000000,0x00000000d8000000,0x00000000d8500000)
 ParOldGen       total 86016K, used 2091K [0x0000000082000000, 0x0000000087400000, 0x00000000d6000000)
  object space 86016K, 2% used [0x0000000082000000,0x000000008220ad00,0x0000000087400000)
 Metaspace       used 11738K, capacity 12084K, committed 12416K, reserved 1060864K
  class space    used 1477K, capacity 1576K, committed 1664K, reserved 1048576K
}
Event: 1.362 GC heap before
{Heap before GC invocations=3 (full 0):
 PSYoungGen      total 37888K, used 37885K [0x00000000d6000000, 0x00000000daa00000, 0x0000000100000000)
  eden space 32768K, 100% used [0x00000000d6000000,0x00000000d8000000,0x00000000d8000000)
  from space 5120K, 99% used [0x00000000d8500000,0x00000000d89ff538,0x00000000d8a00000)
  to   space 5120K, 0% used [0x00000000d8000000,0x00000000d8000000,0x00000000d8500000)
 ParOldGen       total 86016K, used 2091K [0x0000000082000000, 0x0000000087400000, 0x00000000d6000000)
  object space 86016K, 2% used [0x0000000082000000,0x000000008220ad00,0x0000000087400000)
 Metaspace       used 14863K, capacity 15124K, committed 15232K, reserved 1062912K
  class space    used 1836K, capacity 1912K, committed 1920K, reserved 1048576K
Event: 1.369 GC heap after
Heap after GC invocations=3 (full 0):
 PSYoungGen      total 37888K, used 5112K [0x00000000d6000000, 0x00000000daa00000, 0x0000000100000000)
  eden space 32768K, 0% used [0x00000000d6000000,0x00000000d6000000,0x00000000d8000000)
  from space 5120K, 99% used [0x00000000d8000000,0x00000000d84fe030,0x00000000d8500000)
  to   space 5120K, 0% used [0x00000000da500000,0x00000000da500000,0x00000000daa00000)
 ParOldGen       total 86016K, used 6062K [0x0000000082000000, 0x0000000087400000, 0x00000000d6000000)
  object space 86016K, 7% used [0x0000000082000000,0x00000000825eb978,0x0000000087400000)
 Metaspace       used 14863K, capacity 15124K, committed 15232K, reserved 1062912K
  class space    used 1836K, capacity 1912K, committed 1920K, reserved 1048576K
}
Event: 1.832 GC heap before
{Heap before GC invocations=4 (full 0):
 PSYoungGen      total 37888K, used 37880K [0x00000000d6000000, 0x00000000daa00000, 0x0000000100000000)
  eden space 32768K, 100% used [0x00000000d6000000,0x00000000d8000000,0x00000000d8000000)
  from space 5120K, 99% used [0x00000000d8000000,0x00000000d84fe030,0x00000000d8500000)
  to   space 5120K, 0% used [0x00000000da500000,0x00000000da500000,0x00000000daa00000)
 ParOldGen       total 86016K, used 6062K [0x0000000082000000, 0x0000000087400000, 0x00000000d6000000)
  object space 86016K, 7% used [0x0000000082000000,0x00000000825eb978,0x0000000087400000)
 Metaspace       used 15301K, capacity 15610K, committed 15872K, reserved 1062912K
  class space    used 1857K, capacity 1945K, committed 2048K, reserved 1048576K
Event: 1.848 GC heap after
Heap after GC invocations=4 (full 0):
 PSYoungGen      total 70656K, used 5112K [0x00000000d6000000, 0x00000000daa00000, 0x0000000100000000)
  eden space 65536K, 0% used [0x00000000d6000000,0x00000000d6000000,0x00000000da000000)
  from space 5120K, 99% used [0x00000000da500000,0x00000000da9fe050,0x00000000daa00000)
  to   space 5120K, 0% used [0x00000000da000000,0x00000000da000000,0x00000000da500000)
 ParOldGen       total 86016K, used 9908K [0x0000000082000000, 0x0000000087400000, 0x00000000d6000000)
  object space 86016K, 11% used [0x0000000082000000,0x00000000829ad250,0x0000000087400000)
 Metaspace       used 15301K, capacity 15610K, committed 15872K, reserved 1062912K
  class space    used 1857K, capacity 1945K, committed 2048K, reserved 1048576K
}

Deoptimization events (10 events):
Event: 1.232 Thread 0x0000000000ede800 Uncommon trap: reason=unstable_if action=reinterpret pc=0x0000000003127ca8 method=org.codehaus.plexus.util.xml.pull.MXParser.isS(C)Z @ 21
Event: 1.232 Thread 0x0000000000ede800 Uncommon trap: reason=unstable_if action=reinterpret pc=0x000000000341fd24 method=org.codehaus.plexus.util.xml.pull.MXParser.isS(C)Z @ 21
Event: 1.586 Thread 0x0000000000ede800 Uncommon trap: reason=unstable_if action=reinterpret pc=0x0000000003540228 method=java.util.regex.ASCII.isType(II)Z @ 6
Event: 1.805 Thread 0x0000000000ede800 Uncommon trap: reason=unstable_if action=reinterpret pc=0x000000000349fb5c method=org.codehaus.plexus.util.xml.pull.MXParser.nextImpl()I @ 972
Event: 1.828 Thread 0x0000000000ede800 Uncommon trap: reason=unstable_if action=reinterpret pc=0x0000000003189bbc method=java.util.HashMap.hash(Ljava/lang/Object;)I @ 1
Event: 1.828 Thread 0x0000000000ede800 Uncommon trap: reason=unstable_if action=reinterpret pc=0x000000000310b0e8 method=java.util.HashMap.hash(Ljava/lang/Object;)I @ 1
Event: 1.830 Thread 0x0000000000ede800 Uncommon trap: reason=unstable_if action=reinterpret pc=0x0000000003526ff8 method=java.util.HashMap.hash(Ljava/lang/Object;)I @ 1
Event: 1.830 Thread 0x0000000000ede800 Uncommon trap: reason=unstable_if action=reinterpret pc=0x0000000003495e2c method=java.util.HashMap.hash(Ljava/lang/Object;)I @ 1
Event: 1.830 Thread 0x0000000000ede800 Uncommon trap: reason=unstable_if action=reinterpret pc=0x000000000330e794 method=java.util.HashMap.hash(Ljava/lang/Object;)I @ 1
Event: 1.876 Thread 0x0000000000ede800 Uncommon trap: reason=unstable_if action=reinterpret pc=0x00000000035ef830 method=java.lang.Integer.parseInt(Ljava/lang/String;I)I @ 1

Classes redefined (0 events):
No events

Internal exceptions (10 events):
Event: 0.952 Thread 0x0000000000ede800 Exception <a 'java/lang/NoClassDefFoundError'> (0x00000000d6764a08) thrown at [C:\re\workspace\8-2-build-windows-amd64-cygwin\jdk8u201\12322\hotspot\src\share\vm\prims\jvm.cpp, line 1506]
Event: 0.952 Thread 0x0000000000ede800 Exception <a 'java/lang/NoClassDefFoundError': javax/annotation/Priority> (0x00000000d6769670) thrown at [C:\re\workspace\8-2-build-windows-amd64-cygwin\jdk8u201\12322\hotspot\src\share\vm\classfile\systemDictionary.cpp, line 199]
Event: 1.045 Thread 0x0000000000ede800 Implicit null exception at 0x000000000307df9b to 0x000000000307e145
Event: 1.220 Thread 0x0000000000ede800 Implicit null exception at 0x0000000003497054 to 0x00000000034982e9
Event: 1.828 Thread 0x0000000000ede800 Implicit null exception at 0x00000000031899d5 to 0x0000000003189bad
Event: 1.828 Thread 0x0000000000ede800 Implicit null exception at 0x000000000310b06f to 0x000000000310b0d9
Event: 1.830 Thread 0x0000000000ede800 Implicit null exception at 0x0000000003526d45 to 0x0000000003526fe1
Event: 1.830 Thread 0x0000000000ede800 Implicit null exception at 0x00000000034955d7 to 0x0000000003495e15
Event: 1.830 Thread 0x0000000000ede800 Implicit null exception at 0x000000000330e1bb to 0x000000000330e779
Event: 1.876 Thread 0x0000000000ede800 Implicit null exception at 0x00000000035ef2cf to 0x00000000035ef81d

Events (10 events):
Event: 1.902 loading class org/eclipse/aether/internal/impl/DataPool$Descriptor
Event: 1.902 loading class org/eclipse/aether/internal/impl/DataPool$Descriptor done
Event: 1.903 loading class org/eclipse/aether/internal/impl/DataPool$GraphKey
Event: 1.903 loading class org/eclipse/aether/internal/impl/DataPool$GraphKey done
Event: 1.950 loading class org/apache/maven/model/Notifier
Event: 1.950 loading class org/apache/maven/model/Notifier done
Event: 2.032 loading class org/eclipse/aether/graph/Dependency$Exclusions$1
Event: 2.032 loading class org/eclipse/aether/graph/Dependency$Exclusions$1 done
Event: 2.033 loading class org/eclipse/aether/util/graph/selector/ExclusionDependencySelector$ExclusionComparator
Event: 2.033 loading class org/eclipse/aether/util/graph/selector/ExclusionDependencySelector$ExclusionComparator done


Dynamic libraries:
0x00007ff7309f0000 - 0x00007ff730a27000 	C:\Program Files\Java\jdk1.8.0_201\bin\java.exe
0x00007ff956c00000 - 0x00007ff956de1000 	C:\WINDOWS\SYSTEM32\ntdll.dll
0x00007ff956050000 - 0x00007ff956101000 	C:\WINDOWS\System32\KERNEL32.DLL
0x00007ff953290000 - 0x00007ff953503000 	C:\WINDOWS\System32\KERNELBASE.dll
0x00007ff956a80000 - 0x00007ff956b21000 	C:\WINDOWS\System32\ADVAPI32.dll
0x00007ff956190000 - 0x00007ff95622e000 	C:\WINDOWS\System32\msvcrt.dll
0x00007ff955ff0000 - 0x00007ff95604b000 	C:\WINDOWS\System32\sechost.dll
0x00007ff956640000 - 0x00007ff956764000 	C:\WINDOWS\System32\RPCRT4.dll
0x00007ff956230000 - 0x00007ff9563c0000 	C:\WINDOWS\System32\USER32.dll
0x00007ff9531c0000 - 0x00007ff9531e0000 	C:\WINDOWS\System32\win32u.dll
0x00007ff956430000 - 0x00007ff956458000 	C:\WINDOWS\System32\GDI32.dll
0x00007ff953020000 - 0x00007ff9531b1000 	C:\WINDOWS\System32\gdi32full.dll
0x00007ff953510000 - 0x00007ff9535af000 	C:\WINDOWS\System32\msvcp_win.dll
0x00007ff953d40000 - 0x00007ff953e38000 	C:\WINDOWS\System32\ucrtbase.dll
0x00007ff947de0000 - 0x00007ff948049000 	C:\WINDOWS\WinSxS\amd64_microsoft.windows.common-controls_6595b64144ccf1df_6.0.17134.1246_none_d3ffb9d77c90723d\COMCTL32.dll
0x00007ff955cb0000 - 0x00007ff955fd1000 	C:\WINDOWS\System32\combase.dll
0x00007ff953cc0000 - 0x00007ff953d39000 	C:\WINDOWS\System32\bcryptPrimitives.dll
0x00007ff956600000 - 0x00007ff95662d000 	C:\WINDOWS\System32\IMM32.DLL
0x000000005adc0000 - 0x000000005ae91000 	C:\Program Files\Java\jdk1.8.0_201\jre\bin\msvcr100.dll
0x000000005a510000 - 0x000000005adb4000 	C:\Program Files\Java\jdk1.8.0_201\jre\bin\server\jvm.dll
0x00007ff956630000 - 0x00007ff956638000 	C:\WINDOWS\System32\PSAPI.DLL
0x00007ff93cad0000 - 0x00007ff93cad9000 	C:\WINDOWS\SYSTEM32\WSOCK32.dll
0x00007ff94dbe0000 - 0x00007ff94dc03000 	C:\WINDOWS\SYSTEM32\WINMM.dll
0x00007ff94c5f0000 - 0x00007ff94c5fa000 	C:\WINDOWS\SYSTEM32\VERSION.dll
0x00007ff9563c0000 - 0x00007ff95642c000 	C:\WINDOWS\System32\WS2_32.dll
0x00007ff94dbb0000 - 0x00007ff94dbda000 	C:\WINDOWS\SYSTEM32\winmmbase.dll
0x00007ff953e40000 - 0x00007ff953e89000 	C:\WINDOWS\System32\cfgmgr32.dll
0x00007ff94ec70000 - 0x00007ff94ec7f000 	C:\Program Files\Java\jdk1.8.0_201\jre\bin\verify.dll
0x00007ff946930000 - 0x00007ff946959000 	C:\Program Files\Java\jdk1.8.0_201\jre\bin\java.dll
0x00007ff946be0000 - 0x00007ff946c03000 	C:\Program Files\Java\jdk1.8.0_201\jre\bin\instrument.dll
0x00007ff94dfb0000 - 0x00007ff94dfc6000 	C:\Program Files\Java\jdk1.8.0_201\jre\bin\zip.dll
0x00007ff954150000 - 0x00007ff955595000 	C:\WINDOWS\System32\SHELL32.dll
0x00007ff955c00000 - 0x00007ff955ca9000 	C:\WINDOWS\System32\shcore.dll
0x00007ff9535b0000 - 0x00007ff953cc0000 	C:\WINDOWS\System32\windows.storage.dll
0x00007ff956a20000 - 0x00007ff956a71000 	C:\WINDOWS\System32\shlwapi.dll
0x00007ff952f30000 - 0x00007ff952f41000 	C:\WINDOWS\System32\kernel.appcore.dll
0x00007ff952f00000 - 0x00007ff952f1f000 	C:\WINDOWS\System32\profapi.dll
0x00007ff952f70000 - 0x00007ff952fbc000 	C:\WINDOWS\System32\powrprof.dll
0x00007ff952f20000 - 0x00007ff952f2a000 	C:\WINDOWS\System32\FLTLIB.DLL
0x00007ff946cd0000 - 0x00007ff946cea000 	E:\IDEA\IntelliJ IDEA 2018.3.5\bin\breakgen64.dll
0x00007ff941b50000 - 0x00007ff941b6a000 	C:\Program Files\Java\jdk1.8.0_201\jre\bin\net.dll
0x00007ff945960000 - 0x00007ff945b2a000 	C:\WINDOWS\SYSTEM32\urlmon.dll
0x00007ff945ce0000 - 0x00007ff945f87000 	C:\WINDOWS\SYSTEM32\iertutil.dll
0x00007ff952910000 - 0x00007ff95291b000 	C:\WINDOWS\SYSTEM32\CRYPTBASE.DLL
0x00007ff952760000 - 0x00007ff9527c6000 	C:\WINDOWS\system32\mswsock.dll
0x00007ff941b30000 - 0x00007ff941b41000 	C:\Program Files\Java\jdk1.8.0_201\jre\bin\nio.dll

VM Arguments:
jvm_args: -Dmaven.multiModuleProjectDirectory=E:\Project\clothingkeeper -Dmaven.home=E:\IDEA\IntelliJ IDEA 2018.3.5\plugins\maven\lib\maven3 -Dclassworlds.conf=E:\IDEA\IntelliJ IDEA 2018.3.5\plugins\maven\lib\maven3\bin\m2.conf -javaagent:E:\IDEA\IntelliJ IDEA 2018.3.5\lib\idea_rt.jar=59860:E:\IDEA\IntelliJ IDEA 2018.3.5\bin -Dfile.encoding=UTF-8 
java_command: org.codehaus.classworlds.Launcher -Didea.version=2018.3.6 org.mybatis.generator:mybatis-generator-maven-plugin:1.3.2:generate
java_class_path (initial): E:\IDEA\IntelliJ IDEA 2018.3.5\plugins\maven\lib\maven3\boot\plexus-classworlds-2.5.2.jar;E:\IDEA\IntelliJ IDEA 2018.3.5\lib\idea_rt.jar
Launcher Type: SUN_STANDARD

Environment Variables:
JAVA_HOME=C:\Program Files\Java\jdk1.8.0_201
CLASSPATH=.;C:\Program Files\Java\jdk1.8.0_201\lib\dt.jar;C:\Program Files\Java\jdk1.8.0_201\lib\tools.jar
PATH=C:\Program Files (x86)\Common Files\Oracle\Java\javapath;C:\Windows\system32;C:\Windows;C:\Windows\System32\Wbem;C:\Windows\System32\WindowsPowerShell\v1.0\;C:\Program Files (x86)\NVIDIA Corporation\PhysX\Common;C:\WINDOWS\system32;C:\WINDOWS;C:\WINDOWS\System32\Wbem;C:\WINDOWS\System32\WindowsPowerShell\v1.0\;C:\Program Files (x86)\Microsoft SQL Server\100\Tools\Binn\;C:\Program Files\Microsoft SQL Server\100\Tools\Binn\;C:\Program Files\Microsoft SQL Server\100\DTS\Binn\;C:\WINDOWS\System32\OpenSSH\;"D:\tomcat\apache-tomcat-7.0.93-windows-x64\apache-tomcat-7.0.93\lib;D:\tomcat\apache-tomcat-7.0.93-windows-x64\apache-tomcat-7.0.93\bin";E:\matlab\R2016a_win64\runtime\win64;E:\matlab\R2016a_win64\bin;E:\matlab\R2016a_win64\polyspace\bin;C:\Program Files\Java\jdk1.8.0_201\bin;C:\Program Files\Java\jdk1.8.0_201\jre\bin;E:\专业软件资源\nodejs\;"D:\python\Scripts;D:\python;D:\python\Lib";C:\Program Files\MySQL\MySQL Shell 8.0\bin\;E:\Software\Microsoft VS Code\bin
USERNAME=45054
OS=Windows_NT
PROCESSOR_IDENTIFIER=Intel64 Family 6 Model 142 Stepping 10, GenuineIntel



---------------  S Y S T E M  ---------------

OS: Windows 10.0 , 64 bit Build 17134 (10.0.17134.753)

CPU:total 8 (initial active 8) (4 cores per cpu, 2 threads per core) family 6 model 142 stepping 10, cmov, cx8, fxsr, mmx, sse, sse2, sse3, ssse3, sse4.1, sse4.2, popcnt, avx, avx2, aes, clmul, erms, 3dnowpref, lzcnt, ht, tsc, tscinvbit, bmi1, bmi2, adx

Memory: 4k page, physical 8251788k(1671600k free), swap 8251788k(5176k free)

vm_info: Java HotSpot(TM) 64-Bit Server VM (25.201-b09) for windows-amd64 JRE (1.8.0_201-b09), built on Dec 15 2018 18:36:39 by "java_re" with MS VC++ 10.0 (VS2010)

time: Thu Feb 13 23:50:29 2020
timezone: 中国标准时间
elapsed time: 2 seconds (0d 0h 0m 2s)

